<?xml version="1.0" encoding="UTF-8"?>
<!-- Generated by org.testng.reporters.JUnitXMLReporter -->
<testsuite hostname="nitesh-PC" name="Test" tests="1" failures="0" timestamp="18 May 2020 13:45:27 GMT" time="0.153" errors="0">
  <testcase name="@BeforeTest loginInitlizarion" time="0.0" classname="NRAI.test.NraiLoginPageTest">
    <failure type="java.lang.NullPointerException">
      <![CDATA[java.lang.NullPointerException
	at org.openqa.selenium.support.events.EventFiringWebDriver.extractInterfaces(EventFiringWebDriver.java:120)
	at org.openqa.selenium.support.events.EventFiringWebDriver.<init>(EventFiringWebDriver.java:94)
	at BaseClassPackage.BaseClassMaven.initialization(BaseClassMaven.java:69)
	at NRAI.test.NraiLoginPageTest.loginInitlizarion(NraiLoginPageTest.java:27)
... Removed 22 stack frames]]>
    </failure>
  </testcase> <!-- @BeforeTest loginInitlizarion -->
  <testcase name="logintest" time="0.003" classname="NRAI.test.NraiLoginPageTest">
    <skipped/>
  </testcase> <!-- logintest -->
</testsuite> <!-- Test -->
